2019-01-24 19:02:56 [::1][-][-][error][yii\web\HttpException:404] yii\base\InvalidRouteException: Unable to resolve the request "". in /opt/lampp/htdocs/yii-project/vendor/yiisoft/yii2/base/Module.php:537
Stack trace:
#0 /opt/lampp/htdocs/yii-project/vendor/yiisoft/yii2/web/Application.php(103): yii\base\Module->runAction('', Array)
#1 /opt/lampp/htdocs/yii-project/vendor/yiisoft/yii2/base/Application.php(386): yii\web\Application->handleRequest(Object(yii\web\Request))
#2 /opt/lampp/htdocs/yii-project/web/index.php(12): yii\base\Application->run()
#3 {main}

Next yii\web\NotFoundHttpException: Page not found. in /opt/lampp/htdocs/yii-project/vendor/yiisoft/yii2/web/Application.php:115
Stack trace:
#0 /opt/lampp/htdocs/yii-project/vendor/yiisoft/yii2/base/Application.php(386): yii\web\Application->handleRequest(Object(yii\web\Request))
#1 /opt/lampp/htdocs/yii-project/web/index.php(12): yii\base\Application->run()
#2 {main}
2019-01-24 19:02:56 [::1][-][-][info][application] $_GET = []

$_POST = []

$_FILES = []

$_COOKIE = [
    'PHPSESSID' => 'dk2p5soiknlj34n2do97qj4ma7'
    '_csrf' => 'af3e40b7b9f1c2e212bd651a076e93f31ff3315f25197fba0d42dfb0c088fb3aa:2:{i:0;s:5:\"_csrf\";i:1;s:32:\"OKJa6r4hH8FD5QwhXPyJlbYzz-3qpmpa\";}'
]

$_SESSION = [
    '__flash' => []
]

$_SERVER = [
    'UNIQUE_ID' => 'XEn90DqmAIPpCB@783aUwwAAAAg'
    'HTTP_HOST' => 'localhost'
    'HTTP_CONNECTION' => 'keep-alive'
    'HTTP_CACHE_CONTROL' => 'max-age=0'
    'HTTP_UPGRADE_INSECURE_REQUESTS' => '1'
    'HTTP_USER_AGENT' => 'Mozilla/5.0 (X11; Linux x86_64) AppleWebKit/537.36 (KHTML, like Gecko) Chrome/71.0.3578.98 Safari/537.36'
    'HTTP_DNT' => '1'
    'HTTP_ACCEPT' => 'text/html,application/xhtml+xml,application/xml;q=0.9,image/webp,image/apng,*/*;q=0.8'
    'HTTP_REFERER' => 'http://localhost/yii-project/'
    'HTTP_ACCEPT_ENCODING' => 'gzip, deflate, br'
    'HTTP_ACCEPT_LANGUAGE' => 'ru-RU,ru;q=0.9,en-US;q=0.8,en;q=0.7'
    'HTTP_COOKIE' => 'PHPSESSID=dk2p5soiknlj34n2do97qj4ma7; _csrf=af3e40b7b9f1c2e212bd651a076e93f31ff3315f25197fba0d42dfb0c088fb3aa%3A2%3A%7Bi%3A0%3Bs%3A5%3A%22_csrf%22%3Bi%3A1%3Bs%3A32%3A%22OKJa6r4hH8FD5QwhXPyJlbYzz-3qpmpa%22%3B%7D'
    'PATH' => '/usr/local/sbin:/usr/local/bin:/usr/sbin:/usr/bin:/sbin:/bin:/snap/bin'
    'LD_LIBRARY_PATH' => '/opt/lampp/lib:/opt/lampp/lib'
    'SERVER_SIGNATURE' => ''
    'SERVER_SOFTWARE' => 'Apache/2.4.34 (Unix) OpenSSL/1.0.2p PHP/7.2.9 mod_perl/2.0.8-dev Perl/v5.16.3'
    'SERVER_NAME' => 'localhost'
    'SERVER_ADDR' => '::1'
    'SERVER_PORT' => '80'
    'REMOTE_ADDR' => '::1'
    'DOCUMENT_ROOT' => '/opt/lampp/htdocs'
    'REQUEST_SCHEME' => 'http'
    'CONTEXT_PREFIX' => ''
    'CONTEXT_DOCUMENT_ROOT' => '/opt/lampp/htdocs'
    'SERVER_ADMIN' => 'you@example.com'
    'SCRIPT_FILENAME' => '/opt/lampp/htdocs/yii-project/web/index.php'
    'REMOTE_PORT' => '40860'
    'GATEWAY_INTERFACE' => 'CGI/1.1'
    'SERVER_PROTOCOL' => 'HTTP/1.1'
    'REQUEST_METHOD' => 'GET'
    'QUERY_STRING' => ''
    'REQUEST_URI' => '/yii-project/web/'
    'SCRIPT_NAME' => '/yii-project/web/index.php'
    'PHP_SELF' => '/yii-project/web/index.php'
    'REQUEST_TIME_FLOAT' => 1548352976.41
    'REQUEST_TIME' => 1548352976
]
2019-01-24 19:03:04 [::1][-][-][error][yii\web\HttpException:404] yii\base\InvalidRouteException: Unable to resolve the request "". in /opt/lampp/htdocs/yii-project/vendor/yiisoft/yii2/base/Module.php:537
Stack trace:
#0 /opt/lampp/htdocs/yii-project/vendor/yiisoft/yii2/web/Application.php(103): yii\base\Module->runAction('', Array)
#1 /opt/lampp/htdocs/yii-project/vendor/yiisoft/yii2/base/Application.php(386): yii\web\Application->handleRequest(Object(yii\web\Request))
#2 /opt/lampp/htdocs/yii-project/web/index.php(12): yii\base\Application->run()
#3 {main}

Next yii\web\NotFoundHttpException: Page not found. in /opt/lampp/htdocs/yii-project/vendor/yiisoft/yii2/web/Application.php:115
Stack trace:
#0 /opt/lampp/htdocs/yii-project/vendor/yiisoft/yii2/base/Application.php(386): yii\web\Application->handleRequest(Object(yii\web\Request))
#1 /opt/lampp/htdocs/yii-project/web/index.php(12): yii\base\Application->run()
#2 {main}
2019-01-24 19:03:04 [::1][-][-][info][application] $_GET = []

$_POST = []

$_FILES = []

$_COOKIE = [
    'PHPSESSID' => 'dk2p5soiknlj34n2do97qj4ma7'
    '_csrf' => 'af3e40b7b9f1c2e212bd651a076e93f31ff3315f25197fba0d42dfb0c088fb3aa:2:{i:0;s:5:\"_csrf\";i:1;s:32:\"OKJa6r4hH8FD5QwhXPyJlbYzz-3qpmpa\";}'
]

$_SESSION = [
    '__flash' => []
]

$_SERVER = [
    'UNIQUE_ID' => 'XEn92CRs-ulMQ7U@p3rKhAAAAAo'
    'HTTP_HOST' => 'localhost'
    'HTTP_CONNECTION' => 'keep-alive'
    'HTTP_UPGRADE_INSECURE_REQUESTS' => '1'
    'HTTP_USER_AGENT' => 'Mozilla/5.0 (X11; Linux x86_64) AppleWebKit/537.36 (KHTML, like Gecko) Chrome/71.0.3578.98 Safari/537.36'
    'HTTP_DNT' => '1'
    'HTTP_ACCEPT' => 'text/html,application/xhtml+xml,application/xml;q=0.9,image/webp,image/apng,*/*;q=0.8'
    'HTTP_ACCEPT_ENCODING' => 'gzip, deflate, br'
    'HTTP_ACCEPT_LANGUAGE' => 'ru-RU,ru;q=0.9,en-US;q=0.8,en;q=0.7'
    'HTTP_COOKIE' => 'PHPSESSID=dk2p5soiknlj34n2do97qj4ma7; _csrf=af3e40b7b9f1c2e212bd651a076e93f31ff3315f25197fba0d42dfb0c088fb3aa%3A2%3A%7Bi%3A0%3Bs%3A5%3A%22_csrf%22%3Bi%3A1%3Bs%3A32%3A%22OKJa6r4hH8FD5QwhXPyJlbYzz-3qpmpa%22%3B%7D'
    'PATH' => '/usr/local/sbin:/usr/local/bin:/usr/sbin:/usr/bin:/sbin:/bin:/snap/bin'
    'LD_LIBRARY_PATH' => '/opt/lampp/lib:/opt/lampp/lib'
    'SERVER_SIGNATURE' => ''
    'SERVER_SOFTWARE' => 'Apache/2.4.34 (Unix) OpenSSL/1.0.2p PHP/7.2.9 mod_perl/2.0.8-dev Perl/v5.16.3'
    'SERVER_NAME' => 'localhost'
    'SERVER_ADDR' => '::1'
    'SERVER_PORT' => '80'
    'REMOTE_ADDR' => '::1'
    'DOCUMENT_ROOT' => '/opt/lampp/htdocs'
    'REQUEST_SCHEME' => 'http'
    'CONTEXT_PREFIX' => ''
    'CONTEXT_DOCUMENT_ROOT' => '/opt/lampp/htdocs'
    'SERVER_ADMIN' => 'you@example.com'
    'SCRIPT_FILENAME' => '/opt/lampp/htdocs/yii-project/web/index.php'
    'REMOTE_PORT' => '40870'
    'GATEWAY_INTERFACE' => 'CGI/1.1'
    'SERVER_PROTOCOL' => 'HTTP/1.1'
    'REQUEST_METHOD' => 'GET'
    'QUERY_STRING' => ''
    'REQUEST_URI' => '/yii-project/web/'
    'SCRIPT_NAME' => '/yii-project/web/index.php'
    'PHP_SELF' => '/yii-project/web/index.php'
    'REQUEST_TIME_FLOAT' => 1548352984.38
    'REQUEST_TIME' => 1548352984
]
2019-01-24 19:03:15 [::1][-][-][error][yii\web\HttpException:404] yii\base\InvalidRouteException: Unable to resolve the request "". in /opt/lampp/htdocs/yii-project/vendor/yiisoft/yii2/base/Module.php:537
Stack trace:
#0 /opt/lampp/htdocs/yii-project/vendor/yiisoft/yii2/web/Application.php(103): yii\base\Module->runAction('', Array)
#1 /opt/lampp/htdocs/yii-project/vendor/yiisoft/yii2/base/Application.php(386): yii\web\Application->handleRequest(Object(yii\web\Request))
#2 /opt/lampp/htdocs/yii-project/web/index.php(12): yii\base\Application->run()
#3 {main}

Next yii\web\NotFoundHttpException: Page not found. in /opt/lampp/htdocs/yii-project/vendor/yiisoft/yii2/web/Application.php:115
Stack trace:
#0 /opt/lampp/htdocs/yii-project/vendor/yiisoft/yii2/base/Application.php(386): yii\web\Application->handleRequest(Object(yii\web\Request))
#1 /opt/lampp/htdocs/yii-project/web/index.php(12): yii\base\Application->run()
#2 {main}
2019-01-24 19:03:15 [::1][-][-][info][application] $_GET = []

$_POST = []

$_FILES = []

$_COOKIE = [
    'PHPSESSID' => 'dk2p5soiknlj34n2do97qj4ma7'
    '_csrf' => 'af3e40b7b9f1c2e212bd651a076e93f31ff3315f25197fba0d42dfb0c088fb3aa:2:{i:0;s:5:\"_csrf\";i:1;s:32:\"OKJa6r4hH8FD5QwhXPyJlbYzz-3qpmpa\";}'
]

$_SESSION = [
    '__flash' => []
]

$_SERVER = [
    'UNIQUE_ID' => 'XEn94xs-tdo1tTBH-B-6AQAAAAw'
    'HTTP_HOST' => 'localhost'
    'HTTP_CONNECTION' => 'keep-alive'
    'HTTP_UPGRADE_INSECURE_REQUESTS' => '1'
    'HTTP_DNT' => '1'
    'HTTP_USER_AGENT' => 'Mozilla/5.0 (X11; Linux x86_64) AppleWebKit/537.36 (KHTML, like Gecko) Chrome/71.0.3578.98 Safari/537.36'
    'HTTP_ACCEPT' => 'text/html,application/xhtml+xml,application/xml;q=0.9,image/webp,image/apng,*/*;q=0.8'
    'HTTP_REFERER' => 'http://localhost/yii-project/'
    'HTTP_ACCEPT_ENCODING' => 'gzip, deflate, br'
    'HTTP_ACCEPT_LANGUAGE' => 'ru-RU,ru;q=0.9,en-US;q=0.8,en;q=0.7'
    'HTTP_COOKIE' => 'PHPSESSID=dk2p5soiknlj34n2do97qj4ma7; _csrf=af3e40b7b9f1c2e212bd651a076e93f31ff3315f25197fba0d42dfb0c088fb3aa%3A2%3A%7Bi%3A0%3Bs%3A5%3A%22_csrf%22%3Bi%3A1%3Bs%3A32%3A%22OKJa6r4hH8FD5QwhXPyJlbYzz-3qpmpa%22%3B%7D'
    'PATH' => '/usr/local/sbin:/usr/local/bin:/usr/sbin:/usr/bin:/sbin:/bin:/snap/bin'
    'LD_LIBRARY_PATH' => '/opt/lampp/lib:/opt/lampp/lib'
    'SERVER_SIGNATURE' => ''
    'SERVER_SOFTWARE' => 'Apache/2.4.34 (Unix) OpenSSL/1.0.2p PHP/7.2.9 mod_perl/2.0.8-dev Perl/v5.16.3'
    'SERVER_NAME' => 'localhost'
    'SERVER_ADDR' => '::1'
    'SERVER_PORT' => '80'
    'REMOTE_ADDR' => '::1'
    'DOCUMENT_ROOT' => '/opt/lampp/htdocs'
    'REQUEST_SCHEME' => 'http'
    'CONTEXT_PREFIX' => ''
    'CONTEXT_DOCUMENT_ROOT' => '/opt/lampp/htdocs'
    'SERVER_ADMIN' => 'you@example.com'
    'SCRIPT_FILENAME' => '/opt/lampp/htdocs/yii-project/web/index.php'
    'REMOTE_PORT' => '40882'
    'GATEWAY_INTERFACE' => 'CGI/1.1'
    'SERVER_PROTOCOL' => 'HTTP/1.1'
    'REQUEST_METHOD' => 'GET'
    'QUERY_STRING' => ''
    'REQUEST_URI' => '/yii-project/web/'
    'SCRIPT_NAME' => '/yii-project/web/index.php'
    'PHP_SELF' => '/yii-project/web/index.php'
    'REQUEST_TIME_FLOAT' => 1548352995.447
    'REQUEST_TIME' => 1548352995
]
